This file contains any messages produced by compilers while
running configure, to aid debugging if configure makes a mistake.

It was created by tagml configure 0.1, which was
generated by GNU Autoconf 2.69.  Invocation command line was

  $ ./configure 

## --------- ##
## Platform. ##
## --------- ##

hostname = Hephaestus.local
uname -m = x86_64
uname -r = 13.0.0
uname -s = Darwin
uname -v = Darwin Kernel Version 13.0.0: Thu Sep 19 22:22:27 PDT 2013; root:xnu-2422.1.72~6/RELEASE_X86_64

/usr/bin/uname -p = i386
/bin/uname -X     = unknown

/bin/arch              = unknown
/usr/bin/arch -k       = unknown
/usr/convex/getsysinfo = unknown
/usr/bin/hostinfo      = Mach kernel version:
	 Darwin Kernel Version 13.0.0: Thu Sep 19 22:22:27 PDT 2013; root:xnu-2422.1.72~6/RELEASE_X86_64
Kernel configured for up to 2 processors.
2 processors are physically available.
2 processors are logically available.
Processor type: i486 (Intel 80486)
Processors active: 0 1
Primary memory available: 4.00 gigabytes
Default processor set: 197 tasks, 1017 threads, 2 processors
Load average: 2.51, Mach factor: 0.65
/bin/machine           = unknown
/usr/bin/oslevel       = unknown
/bin/universe          = unknown

PATH: /opt/local/bin
PATH: /opt/local/sbin
PATH: /opt/local/bin
PATH: /opt/local/sbin
PATH: /usr/bin
PATH: /bin
PATH: /usr/sbin
PATH: /sbin
PATH: /usr/local/bin
PATH: /opt/local/bin
PATH: /opt/local/sbin


## ----------- ##
## Core tests. ##
## ----------- ##

configure:2102: checking for a BSD-compatible install
configure:2170: result: /opt/local/bin/ginstall -c
configure:2181: checking whether build environment is sane
configure:2236: result: yes
configure:2387: checking for a thread-safe mkdir -p
configure:2426: result: /opt/local/bin/gmkdir -p
configure:2433: checking for gawk
configure:2463: result: no
configure:2433: checking for mawk
configure:2463: result: no
configure:2433: checking for nawk
configure:2463: result: no
configure:2433: checking for awk
configure:2449: found /usr/bin/awk
configure:2460: result: awk
configure:2471: checking whether make sets $(MAKE)
configure:2493: result: yes
configure:2522: checking whether make supports nested variables
configure:2539: result: yes
configure:2712: checking for gcc
configure:2728: found /usr/bin/gcc
configure:2739: result: gcc
configure:2968: checking for C compiler version
configure:2977: gcc --version >&5
Apple LLVM version 5.0 (clang-500.2.79) (based on LLVM 3.3svn)
Target: x86_64-apple-darwin13.0.0
Thread model: posix
Configured with: --prefix=/Applications/Xcode.app/Contents/Developer/usr --with-gxx-include-dir=/usr/include/c++/4.2.1
configure:2988: $? = 0
configure:2977: gcc -v >&5
Configured with: --prefix=/Applications/Xcode.app/Contents/Developer/usr --with-gxx-include-dir=/usr/include/c++/4.2.1
Apple LLVM version 5.0 (clang-500.2.79) (based on LLVM 3.3svn)
Target: x86_64-apple-darwin13.0.0
Thread model: posix
configure:2988: $? = 0
configure:2977: gcc -V >&5
clang: error: argument to '-V' is missing (expected 1 value)
clang: error: no input files
configure:2988: $? = 1
configure:2977: gcc -qversion >&5
clang: error: no input files
configure:2988: $? = 1
configure:3008: checking whether the C compiler works
configure:3030: gcc    conftest.c  >&5
configure:3034: $? = 0
configure:3082: result: yes
configure:3085: checking for C compiler default output file name
configure:3087: result: a.out
configure:3093: checking for suffix of executables
configure:3100: gcc -o conftest    conftest.c  >&5
configure:3104: $? = 0
configure:3126: result: 
configure:3148: checking whether we are cross compiling
configure:3156: gcc -o conftest    conftest.c  >&5
configure:3160: $? = 0
configure:3167: ./conftest
configure:3171: $? = 0
configure:3186: result: no
configure:3191: checking for suffix of object files
configure:3213: gcc -c   conftest.c >&5
configure:3217: $? = 0
configure:3238: result: o
configure:3242: checking whether we are using the GNU C compiler
configure:3261: gcc -c   conftest.c >&5
configure:3261: $? = 0
configure:3270: result: yes
configure:3279: checking whether gcc accepts -g
configure:3299: gcc -c -g  conftest.c >&5
configure:3299: $? = 0
configure:3340: result: yes
configure:3357: checking for gcc option to accept ISO C89
configure:3420: gcc  -c -g -O2  conftest.c >&5
configure:3420: $? = 0
configure:3433: result: none needed
configure:3458: checking whether gcc understands -c and -o together
configure:3480: gcc -c conftest.c -o conftest2.o
configure:3483: $? = 0
configure:3480: gcc -c conftest.c -o conftest2.o
configure:3483: $? = 0
configure:3495: result: yes
configure:3523: checking for style of include used by make
configure:3551: result: GNU
configure:3577: checking dependency style of gcc
configure:3688: result: gcc3
configure:3725: checking how to run the C preprocessor
configure:3756: gcc -E  conftest.c
configure:3756: $? = 0
configure:3770: gcc -E  conftest.c
conftest.c:11:10: fatal error: 'ac_nonexistent.h' file not found
#include <ac_nonexistent.h>
         ^
1 error generated.
configure:3770: $? = 1
configure: failed program was:
| /* confdefs.h */
| #define PACKAGE_NAME "tagml"
| #define PACKAGE_TARNAME "tagml"
| #define PACKAGE_VERSION "0.1"
| #define PACKAGE_STRING "tagml 0.1"
| #define PACKAGE_BUGREPORT "darobinson@clarku.edu"
| #define PACKAGE_URL ""
| #define PACKAGE "tagml"
| #define VERSION "0.1"
| /* end confdefs.h.  */
| #include <ac_nonexistent.h>
configure:3795: result: gcc -E
configure:3815: gcc -E  conftest.c
configure:3815: $? = 0
configure:3829: gcc -E  conftest.c
conftest.c:11:10: fatal error: 'ac_nonexistent.h' file not found
#include <ac_nonexistent.h>
         ^
1 error generated.
configure:3829: $? = 1
configure: failed program was:
| /* confdefs.h */
| #define PACKAGE_NAME "tagml"
| #define PACKAGE_TARNAME "tagml"
| #define PACKAGE_VERSION "0.1"
| #define PACKAGE_STRING "tagml 0.1"
| #define PACKAGE_BUGREPORT "darobinson@clarku.edu"
| #define PACKAGE_URL ""
| #define PACKAGE "tagml"
| #define VERSION "0.1"
| /* end confdefs.h.  */
| #include <ac_nonexistent.h>
configure:3858: checking for grep that handles long lines and -e
configure:3916: result: /usr/bin/grep
configure:3921: checking for egrep
configure:3983: result: /usr/bin/grep -E
configure:3988: checking for ANSI C header files
configure:4008: gcc -c -g -O2  conftest.c >&5
configure:4008: $? = 0
configure:4081: gcc -o conftest -g -O2   conftest.c  >&5
configure:4081: $? = 0
configure:4081: ./conftest
configure:4081: $? = 0
configure:4092: result: yes
configure:4105: checking for sys/types.h
configure:4105: gcc -c -g -O2  conftest.c >&5
configure:4105: $? = 0
configure:4105: result: yes
configure:4105: checking for sys/stat.h
configure:4105: gcc -c -g -O2  conftest.c >&5
configure:4105: $? = 0
configure:4105: result: yes
configure:4105: checking for stdlib.h
configure:4105: gcc -c -g -O2  conftest.c >&5
configure:4105: $? = 0
configure:4105: result: yes
configure:4105: checking for string.h
configure:4105: gcc -c -g -O2  conftest.c >&5
configure:4105: $? = 0
configure:4105: result: yes
configure:4105: checking for memory.h
configure:4105: gcc -c -g -O2  conftest.c >&5
configure:4105: $? = 0
configure:4105: result: yes
configure:4105: checking for strings.h
configure:4105: gcc -c -g -O2  conftest.c >&5
configure:4105: $? = 0
configure:4105: result: yes
configure:4105: checking for inttypes.h
configure:4105: gcc -c -g -O2  conftest.c >&5
configure:4105: $? = 0
configure:4105: result: yes
configure:4105: checking for stdint.h
configure:4105: gcc -c -g -O2  conftest.c >&5
configure:4105: $? = 0
configure:4105: result: yes
configure:4105: checking for unistd.h
configure:4105: gcc -c -g -O2  conftest.c >&5
configure:4105: $? = 0
configure:4105: result: yes
configure:4120: checking for stdlib.h
configure:4120: result: yes
configure:4120: checking for string.h
configure:4120: result: yes
configure:4120: checking math.h usability
configure:4120: gcc -c -g -O2  conftest.c >&5
configure:4120: $? = 0
configure:4120: result: yes
configure:4120: checking math.h presence
configure:4120: gcc -E  conftest.c
configure:4120: $? = 0
configure:4120: result: yes
configure:4120: checking for math.h
configure:4120: result: yes
configure:4185: checking for pkg-config
configure:4203: found /opt/local/bin/pkg-config
configure:4215: result: /opt/local/bin/pkg-config
configure:4240: checking pkg-config is at least version 0.9.0
configure:4243: result: yes
configure:4253: checking for CHECK
configure:4260: $PKG_CONFIG --exists --print-errors "check >= 0.9"
configure:4263: $? = 0
configure:4277: $PKG_CONFIG --exists --print-errors "check >= 0.9"
configure:4280: $? = 0
configure:4338: result: yes
configure:4344: checking for DEPS
configure:4351: $PKG_CONFIG --exists --print-errors "libxml-2.0 >= 2.8"
configure:4354: $? = 0
configure:4368: $PKG_CONFIG --exists --print-errors "libxml-2.0 >= 2.8"
configure:4371: $? = 0
configure:4429: result: yes
configure:4545: checking that generated files are newer than configure
configure:4551: result: done
configure:4574: creating ./config.status

## ---------------------- ##
## Running config.status. ##
## ---------------------- ##

This file was extended by tagml config.status 0.1, which was
generated by GNU Autoconf 2.69.  Invocation command line was

  CONFIG_FILES    = 
  CONFIG_HEADERS  = 
  CONFIG_LINKS    = 
  CONFIG_COMMANDS = 
  $ ./config.status 

on Hephaestus.local

config.status:863: creating Makefile
config.status:863: creating src/Makefile
config.status:863: creating config.h
config.status:1044: config.h is unchanged
config.status:1092: executing depfiles commands

## ---------------- ##
## Cache variables. ##
## ---------------- ##

ac_cv_c_compiler_gnu=yes
ac_cv_env_CC_set=
ac_cv_env_CC_value=
ac_cv_env_CFLAGS_set=
ac_cv_env_CFLAGS_value=
ac_cv_env_CHECK_CFLAGS_set=
ac_cv_env_CHECK_CFLAGS_value=
ac_cv_env_CHECK_LIBS_set=
ac_cv_env_CHECK_LIBS_value=
ac_cv_env_CPPFLAGS_set=
ac_cv_env_CPPFLAGS_value=
ac_cv_env_CPP_set=
ac_cv_env_CPP_value=
ac_cv_env_DEPS_CFLAGS_set=
ac_cv_env_DEPS_CFLAGS_value=
ac_cv_env_DEPS_LIBS_set=
ac_cv_env_DEPS_LIBS_value=
ac_cv_env_LDFLAGS_set=
ac_cv_env_LDFLAGS_value=
ac_cv_env_LIBS_set=
ac_cv_env_LIBS_value=
ac_cv_env_PKG_CONFIG_LIBDIR_set=
ac_cv_env_PKG_CONFIG_LIBDIR_value=
ac_cv_env_PKG_CONFIG_PATH_set=
ac_cv_env_PKG_CONFIG_PATH_value=
ac_cv_env_PKG_CONFIG_set=
ac_cv_env_PKG_CONFIG_value=
ac_cv_env_build_alias_set=
ac_cv_env_build_alias_value=
ac_cv_env_host_alias_set=
ac_cv_env_host_alias_value=
ac_cv_env_target_alias_set=
ac_cv_env_target_alias_value=
ac_cv_header_inttypes_h=yes
ac_cv_header_math_h=yes
ac_cv_header_memory_h=yes
ac_cv_header_stdc=yes
ac_cv_header_stdint_h=yes
ac_cv_header_stdlib_h=yes
ac_cv_header_string_h=yes
ac_cv_header_strings_h=yes
ac_cv_header_sys_stat_h=yes
ac_cv_header_sys_types_h=yes
ac_cv_header_unistd_h=yes
ac_cv_objext=o
ac_cv_path_EGREP='/usr/bin/grep -E'
ac_cv_path_GREP=/usr/bin/grep
ac_cv_path_ac_pt_PKG_CONFIG=/opt/local/bin/pkg-config
ac_cv_path_install='/opt/local/bin/ginstall -c'
ac_cv_path_mkdir=/opt/local/bin/gmkdir
ac_cv_prog_AWK=awk
ac_cv_prog_CPP='gcc -E'
ac_cv_prog_ac_ct_CC=gcc
ac_cv_prog_cc_c89=
ac_cv_prog_cc_g=yes
ac_cv_prog_make_make_set=yes
am_cv_CC_dependencies_compiler_type=gcc3
am_cv_make_support_nested_variables=yes
am_cv_prog_cc_c_o=yes
pkg_cv_CHECK_CFLAGS='-I/opt/local/include '
pkg_cv_CHECK_LIBS='-L/opt/local/lib -lcheck '
pkg_cv_DEPS_CFLAGS='-I/opt/local/include/libxml2 '
pkg_cv_DEPS_LIBS='-L/opt/local/lib -lxml2 '

## ----------------- ##
## Output variables. ##
## ----------------- ##

ACLOCAL='${SHELL} /Users/oaguy1/Dropbox/cs250/tagml/missing aclocal-1.14'
AMDEPBACKSLASH='\'
AMDEP_FALSE='#'
AMDEP_TRUE=''
AMTAR='$${TAR-tar}'
AM_BACKSLASH='\'
AM_DEFAULT_V='$(AM_DEFAULT_VERBOSITY)'
AM_DEFAULT_VERBOSITY='1'
AM_V='$(V)'
AUTOCONF='${SHELL} /Users/oaguy1/Dropbox/cs250/tagml/missing autoconf'
AUTOHEADER='${SHELL} /Users/oaguy1/Dropbox/cs250/tagml/missing autoheader'
AUTOMAKE='${SHELL} /Users/oaguy1/Dropbox/cs250/tagml/missing automake-1.14'
AWK='awk'
CC='gcc'
CCDEPMODE='depmode=gcc3'
CFLAGS='-g -O2'
CHECK_CFLAGS='-I/opt/local/include '
CHECK_LIBS='-L/opt/local/lib -lcheck '
CPP='gcc -E'
CPPFLAGS=''
CYGPATH_W='echo'
DEFS='-DHAVE_CONFIG_H'
DEPDIR='.deps'
DEPS_CFLAGS='-I/opt/local/include/libxml2 '
DEPS_LIBS='-L/opt/local/lib -lxml2 '
ECHO_C='\c'
ECHO_N=''
ECHO_T=''
EGREP='/usr/bin/grep -E'
EXEEXT=''
GREP='/usr/bin/grep'
INSTALL_DATA='${INSTALL} -m 644'
INSTALL_PROGRAM='${INSTALL}'
INSTALL_SCRIPT='${INSTALL}'
INSTALL_STRIP_PROGRAM='$(install_sh) -c -s'
LDFLAGS=''
LIBOBJS=''
LIBS=''
LTLIBOBJS=''
MAKEINFO='${SHELL} /Users/oaguy1/Dropbox/cs250/tagml/missing makeinfo'
MKDIR_P='/opt/local/bin/gmkdir -p'
OBJEXT='o'
PACKAGE='tagml'
PACKAGE_BUGREPORT='darobinson@clarku.edu'
PACKAGE_NAME='tagml'
PACKAGE_STRING='tagml 0.1'
PACKAGE_TARNAME='tagml'
PACKAGE_URL=''
PACKAGE_VERSION='0.1'
PATH_SEPARATOR=':'
PKG_CONFIG='/opt/local/bin/pkg-config'
PKG_CONFIG_LIBDIR=''
PKG_CONFIG_PATH=''
SET_MAKE=''
SHELL='/bin/sh'
STRIP=''
VERSION='0.1'
ac_ct_CC='gcc'
am__EXEEXT_FALSE=''
am__EXEEXT_TRUE='#'
am__fastdepCC_FALSE='#'
am__fastdepCC_TRUE=''
am__include='include'
am__isrc=''
am__leading_dot='.'
am__nodep='_no'
am__quote=''
am__tar='$${TAR-tar} chof - "$$tardir"'
am__untar='$${TAR-tar} xf -'
bindir='${exec_prefix}/bin'
build_alias=''
datadir='${datarootdir}'
datarootdir='${prefix}/share'
docdir='${datarootdir}/doc/${PACKAGE_TARNAME}'
dvidir='${docdir}'
exec_prefix='${prefix}'
host_alias=''
htmldir='${docdir}'
includedir='${prefix}/include'
infodir='${datarootdir}/info'
install_sh='${SHELL} /Users/oaguy1/Dropbox/cs250/tagml/install-sh'
libdir='${exec_prefix}/lib'
libexecdir='${exec_prefix}/libexec'
localedir='${datarootdir}/locale'
localstatedir='${prefix}/var'
mandir='${datarootdir}/man'
mkdir_p='$(MKDIR_P)'
oldincludedir='/usr/include'
pdfdir='${docdir}'
prefix='/usr/local'
program_transform_name='s,x,x,'
psdir='${docdir}'
sbindir='${exec_prefix}/sbin'
sharedstatedir='${prefix}/com'
sysconfdir='${prefix}/etc'
target_alias=''

## ----------- ##
## confdefs.h. ##
## ----------- ##

/* confdefs.h */
#define PACKAGE_NAME "tagml"
#define PACKAGE_TARNAME "tagml"
#define PACKAGE_VERSION "0.1"
#define PACKAGE_STRING "tagml 0.1"
#define PACKAGE_BUGREPORT "darobinson@clarku.edu"
#define PACKAGE_URL ""
#define PACKAGE "tagml"
#define VERSION "0.1"
#define STDC_HEADERS 1
#define HAVE_SYS_TYPES_H 1
#define HAVE_SYS_STAT_H 1
#define HAVE_STDLIB_H 1
#define HAVE_STRING_H 1
#define HAVE_MEMORY_H 1
#define HAVE_STRINGS_H 1
#define HAVE_INTTYPES_H 1
#define HAVE_STDINT_H 1
#define HAVE_UNISTD_H 1
#define HAVE_STDLIB_H 1
#define HAVE_STRING_H 1
#define HAVE_MATH_H 1

configure: exit 0
